#
# There is insufficient memory for the Java Runtime Environment to continue.
# Native memory allocation (mmap) failed to map 67108864 bytes for G1 virtual space
# Possible reasons:
#   The system is out of physical RAM or swap space
#   The process is running with CompressedOops enabled, and the Java Heap may be blocking the growth of the native heap
# Possible solutions:
#   Reduce memory load on the system
#   Increase physical memory or swap space
#   Check if swap backing store is full
#   Decrease Java heap size (-Xmx/-Xms)
#   Decrease number of Java threads
#   Decrease Java thread stack sizes (-Xss)
#   Set larger code cache with -XX:ReservedCodeCacheSize=
#   JVM is running with Unscaled Compressed Oops mode in which the Java heap is
#     placed in the first 4GB address space. The Java Heap base address is the
#     maximum limit for the native heap growth. Please use -XX:HeapBaseMinAddress
#     to set the Java Heap base and to place the Java Heap above 4GB virtual address.
# This output file may be truncated or incomplete.
#
#  Out of Memory Error (os_windows.cpp:3548), pid=21228, tid=38212
#
# JRE version:  (17.0.10+11) (build )
# Java VM: Java HotSpot(TM) 64-Bit Server VM (17.0.10+11-LTS-240, mixed mode, sharing, tiered, compressed oops, compressed class ptrs, g1 gc, windows-amd64)
# No core dump will be written. Minidumps are not enabled by default on client versions of Windows
#

---------------  S U M M A R Y ------------

Command Line: -Xmx64m -Xms64m -Dorg.gradle.appname=gradlew org.gradle.wrapper.GradleWrapperMain app:installDebug -PreactNativeDevServerPort=8081

Host: 13th Gen Intel(R) Core(TM) i5-1335U, 12 cores, 15G,  Windows 11 , 64 bit Build 22621 (10.0.22621.3672)
Time: Mon Nov 18 13:41:44 2024 SE Asia Standard Time elapsed time: 0.117353 seconds (0d 0h 0m 0s)

---------------  T H R E A D  ---------------

Current thread (0x000001617fcef290):  JavaThread "Unknown thread" [_thread_in_vm, id=38212, stack(0x0000001e8a200000,0x0000001e8a300000)]

Stack: [0x0000001e8a200000,0x0000001e8a300000]
Native frames: (J=compiled Java code, j=interpreted, Vv=VM code, C=native code)
V  [jvm.dll+0x677a5a]
V  [jvm.dll+0x7d8b2d]
V  [jvm.dll+0x7da48e]
V  [jvm.dll+0x7daaf3]
V  [jvm.dll+0x2455ff]
V  [jvm.dll+0x6749b9]
V  [jvm.dll+0x669382]
V  [jvm.dll+0x302e96]
V  [jvm.dll+0x30a416]
V  [jvm.dll+0x359cbe]
V  [jvm.dll+0x359eef]
V  [jvm.dll+0x2d9e88]
V  [jvm.dll+0x2dadf4]
V  [jvm.dll+0x7aa551]
V  [jvm.dll+0x367911]
V  [jvm.dll+0x789639]
V  [jvm.dll+0x3eb30f]
V  [jvm.dll+0x3ecd91]
C  [jli.dll+0x5297]
C  [ucrtbase.dll+0x29333]
C  [KERNEL32.DLL+0x1257d]
C  [ntdll.dll+0x5af28]


---------------  P R O C E S S  ---------------

Threads class SMR info:
_java_thread_list=0x00007ff8eb4a6a18, length=0, elements={
}

Java Threads: ( => current thread )

Other Threads:
  0x000001617fd0fe40 GCTaskThread "GC Thread#0" [stack: 0x0000001e8a300000,0x0000001e8a400000] [id=35972]
  0x000001617fd135a0 ConcurrentGCThread "G1 Main Marker" [stack: 0x0000001e8a400000,0x0000001e8a500000] [id=48120]
  0x000001617fd13fb0 ConcurrentGCThread "G1 Conc#0" [stack: 0x0000001e8a500000,0x0000001e8a600000] [id=48808]

[error occurred during error reporting (printing all threads), id 0xc0000005, EXCEPTION_ACCESS_VIOLATION (0xc0000005) at pc=0x00007ff8eacdaae7]

VM state: not at safepoint (not fully initialized)

VM Mutex/Monitor currently owned by a thread:  ([mutex/lock_event])
[0x000001617fcea120] Heap_lock - owner thread: 0x000001617fcef290

Heap address: 0x00000000fc000000, size: 64 MB, Compressed Oops mode: 32-bit

CDS archive(s) mapped at: [0x0000000000000000-0x0000000000000000-0x0000000000000000), size 0, SharedBaseAddress: 0x0000000800000000, ArchiveRelocationMode: 1.
Narrow klass base: 0x0000000000000000, Narrow klass shift: 0, Narrow klass range: 0x0

GC Precious Log:
<Empty>

Heap:
 garbage-first heap   total 0K, used 0K [0x00000000fc000000, 0x0000000100000000)
  region size 1024K, 0 young (0K), 0 survivors (0K)

[error occurred during error reporting (printing heap information), id 0xc0000005, EXCEPTION_ACCESS_VIOLATION (0xc0000005) at pc=0x00007ff8eb0c1249]

GC Heap History (0 events):
No events

Deoptimization events (0 events):
No events

Classes unloaded (0 events):
No events

Classes redefined (0 events):
No events

Internal exceptions (0 events):
No events

VM Operations (0 events):
No events

Events (1 events):
Event: 0.101 Loaded shared library C:\Program Files\Java\jdk-17\bin\java.dll


Dynamic libraries:
0x00007ff645e20000 - 0x00007ff645e30000 	C:\Program Files\Java\jdk-17\bin\java.exe
0x00007ff99a230000 - 0x00007ff99a447000 	C:\windows\SYSTEM32\ntdll.dll
0x00007ff998580000 - 0x00007ff998644000 	C:\windows\System32\KERNEL32.DLL
0x00007ff997890000 - 0x00007ff997c3c000 	C:\windows\System32\KERNELBASE.dll
0x00007ff997c40000 - 0x00007ff997d51000 	C:\windows\System32\ucrtbase.dll
0x00007ff96b7d0000 - 0x00007ff96b7eb000 	C:\Program Files\Java\jdk-17\bin\VCRUNTIME140.dll
0x00007ff96b940000 - 0x00007ff96b959000 	C:\Program Files\Java\jdk-17\bin\jli.dll
0x00007ff999f80000 - 0x00007ff99a032000 	C:\windows\System32\ADVAPI32.dll
0x00007ff99a0f0000 - 0x00007ff99a197000 	C:\windows\System32\msvcrt.dll
0x00007ff998090000 - 0x00007ff99813a000 	C:\windows\System32\sechost.dll
0x00007ff997e80000 - 0x00007ff997ea8000 	C:\windows\System32\bcrypt.dll
0x00007ff997f70000 - 0x00007ff998085000 	C:\windows\System32\RPCRT4.dll
0x00007ff998330000 - 0x00007ff9984de000 	C:\windows\System32\USER32.dll
0x00007ff997560000 - 0x00007ff997586000 	C:\windows\System32\win32u.dll
0x00007ff999030000 - 0x00007ff999059000 	C:\windows\System32\GDI32.dll
0x00007ff997700000 - 0x00007ff997819000 	C:\windows\System32\gdi32full.dll
0x00007ff997de0000 - 0x00007ff997e7a000 	C:\windows\System32\msvcp_win.dll
0x00007ff98d700000 - 0x00007ff98d70a000 	C:\windows\SYSTEM32\VERSION.dll
0x00007ff97bf90000 - 0x00007ff97c223000 	C:\windows\WinSxS\amd64_microsoft.windows.common-controls_6595b64144ccf1df_6.0.22621.3672_none_2713b9d173822955\COMCTL32.dll
0x00007ff9986b0000 - 0x00007ff9986e1000 	C:\windows\System32\IMM32.DLL
0x00007ff985770000 - 0x00007ff985972000 	C:\windows\system32\tmumh\20019\AddOn\8.55.0.1288\TmUmEvt64.dll
0x00007ff999720000 - 0x00007ff999728000 	C:\windows\System32\PSAPI.DLL
0x000000005de00000 - 0x000000005df97000 	C:\windows\system32\tmumh\20019\TmMon\2.9.0.1084\tmmon64.dll
0x00007ff982650000 - 0x00007ff98265c000 	C:\Program Files\Java\jdk-17\bin\vcruntime140_1.dll
0x00007ff93e560000 - 0x00007ff93e5ee000 	C:\Program Files\Java\jdk-17\bin\msvcp140.dll
0x00007ff8ea9f0000 - 0x00007ff8eb5cf000 	C:\Program Files\Java\jdk-17\bin\server\jvm.dll
0x00007ff96d910000 - 0x00007ff96d919000 	C:\windows\SYSTEM32\WSOCK32.dll
0x00007ff999ac0000 - 0x00007ff999b31000 	C:\windows\System32\WS2_32.dll
0x00007ff991830000 - 0x00007ff991864000 	C:\windows\SYSTEM32\WINMM.dll
0x00007ff996550000 - 0x00007ff996568000 	C:\windows\SYSTEM32\kernel.appcore.dll
0x00007ff981950000 - 0x00007ff98195a000 	C:\Program Files\Java\jdk-17\bin\jimage.dll
0x00007ff994c20000 - 0x00007ff994e52000 	C:\windows\SYSTEM32\DBGHELP.DLL
0x00007ff999730000 - 0x00007ff999ab8000 	C:\windows\System32\combase.dll
0x00007ff9986f0000 - 0x00007ff9987c7000 	C:\windows\System32\OLEAUT32.dll
0x00007ff981c40000 - 0x00007ff981c72000 	C:\windows\SYSTEM32\dbgcore.DLL
0x00007ff997d60000 - 0x00007ff997ddb000 	C:\windows\System32\bcryptPrimitives.dll
0x00007ff97b8a0000 - 0x00007ff97b8c5000 	C:\Program Files\Java\jdk-17\bin\java.dll

dbghelp: loaded successfully - version: 4.0.5 - missing functions: none
symbol engine: initialized successfully - sym options: 0x614 - pdb path: .;C:\Program Files\Java\jdk-17\bin;C:\windows\SYSTEM32;C:\windows\WinSxS\amd64_microsoft.windows.common-controls_6595b64144ccf1df_6.0.22621.3672_none_2713b9d173822955;C:\windows\system32\tmumh\20019\AddOn\8.55.0.1288;C:\windows\system32\tmumh\20019\TmMon\2.9.0.1084;C:\Program Files\Java\jdk-17\bin\server

VM Arguments:
jvm_args: -Xmx64m -Xms64m -Dorg.gradle.appname=gradlew 
java_command: org.gradle.wrapper.GradleWrapperMain app:installDebug -PreactNativeDevServerPort=8081
java_class_path (initial): C:\cln\car-rental-rn\android\\gradle\wrapper\gradle-wrapper.jar
Launcher Type: SUN_STANDARD

[Global flags]
     intx CICompilerCount                          = 4                                         {product} {ergonomic}
     uint ConcGCThreads                            = 3                                         {product} {ergonomic}
     uint G1ConcRefinementThreads                  = 10                                        {product} {ergonomic}
   size_t G1HeapRegionSize                         = 1048576                                   {product} {ergonomic}
    uintx GCDrainStackTargetSize                   = 64                                        {product} {ergonomic}
   size_t InitialHeapSize                          = 67108864                                  {product} {command line}
   size_t MarkStackSize                            = 4194304                                   {product} {ergonomic}
   size_t MaxHeapSize                              = 67108864                                  {product} {command line}
   size_t MinHeapDeltaBytes                        = 1048576                                   {product} {ergonomic}
   size_t MinHeapSize                              = 67108864                                  {product} {command line}
    uintx NonNMethodCodeHeapSize                   = 5839372                                {pd product} {ergonomic}
    uintx NonProfiledCodeHeapSize                  = 122909434                              {pd product} {ergonomic}
    uintx ProfiledCodeHeapSize                     = 122909434                              {pd product} {ergonomic}
    uintx ReservedCodeCacheSize                    = 251658240                              {pd product} {ergonomic}
     bool SegmentedCodeCache                       = true                                      {product} {ergonomic}
   size_t SoftMaxHeapSize                          = 67108864                               {manageable} {ergonomic}
     bool UseCompressedClassPointers               = true                           {product lp64_product} {ergonomic}
     bool UseCompressedOops                        = true                           {product lp64_product} {ergonomic}
     bool UseG1GC                                  = true                                      {product} {ergonomic}
     bool UseLargePagesIndividualAllocation        = false                                  {pd product} {ergonomic}

Logging:
Log output configuration:
 #0: stdout all=warning uptime,level,tags
 #1: stderr all=off uptime,level,tags

Environment Variables:
JAVA_HOME=C:\Program Files\Java\jdk-17
CLASSPATH=C:\cln\car-rental-rn\android\\gradle\wrapper\gradle-wrapper.jar
PATH=C:\cln\car-rental-rn\node_modules\.bin;C:\cln\car-rental-rn\node_modules\.bin;C:\cln\node_modules\.bin;C:\node_modules\.bin;C:\Program Files\nodejs\node_modules\npm\node_modules\@npmcli\run-script\lib\node-gyp-bin;C:\cln\car-rental-rn\node_modules\.bin;C:\cln\node_modules\.bin;C:\node_modules\.bin;C:\Program Files\nodejs\node_modules\npm\node_modules\@npmcli\run-script\lib\node-gyp-bin;C:\Program Files\Common Files\Oracle\Java\javapath;C:\Python312\Scripts\;C:\Python312\;C:\Program Files\Microsoft\jdk-17.0.13.11-hotspot\bin;C:\windows\system32;C:\windows;C:\windows\System32\Wbem;C:\windows\System32\WindowsPowerShell\v1.0\;C:\windows\System32\OpenSSH\;C:\ProgramData\chocolatey\bin;C:\Program Files\Git\cmd;C:\Program Files\PostgreSQL\16\bin;C:\Program Files\nodejs\;C:\Users\Localuser\AppData\Local\Android\Sdk\platform-tools;C:\Users\Localuser\AppData\Local\Android\Sdk\tools;C:\Users\Localuser\AppData\Local\Microsoft\WindowsApps;C:\Users\Localuser\AppData\Local\Programs\Microsoft VS Code\bin;C:\Users\Localuser\AppData\Roaming\npm;
USERNAME=Localuser
OS=Windows_NT
PROCESSOR_IDENTIFIER=Intel64 Family 6 Model 186 Stepping 3, GenuineIntel



---------------  S Y S T E M  ---------------

OS:
 Windows 11 , 64 bit Build 22621 (10.0.22621.3672)
OS uptime: 10 days 23:58 hours
Hyper-V role detected

CPU: total 12 (initial active 12) (6 cores per cpu, 2 threads per core) family 6 model 186 stepping 3 microcode 0x411d, cx8, cmov, fxsr, ht, mmx, 3dnowpref, sse, sse2, sse3, ssse3, sse4.1, sse4.2, popcnt, lzcnt, tsc, tscinvbit, avx, avx2, aes, erms, clmul, bmi1, bmi2, adx, sha, fma, vzeroupper, clflush, clflushopt, clwb, hv

Memory: 4k page, system-wide physical 16016M (1618M free)
TotalPageFile size 65168M (AvailPageFile size 56M)
current process WorkingSet (physical memory assigned to process): 13M, peak: 13M
current process commit charge ("private bytes"): 66M, peak: 130M

vm_info: Java HotSpot(TM) 64-Bit Server VM (17.0.10+11-LTS-240) for windows-amd64 JRE (17.0.10+11-LTS-240), built on Dec 19 2023 21:47:25 by "mach5one" with MS VC++ 17.1 (VS2022)

END.
